<?xml version="1.0" encoding="UTF-8"?>
<!-- Generated by org.testng.reporters.JUnitReportReporter -->
<testsuite skipped="0" hostname="DESKTOP-SHS08M3" name="GrabResopnse2" tests="1" failures="0" timestamp="20 Apr 2018 19:29:12 GMT" time="7.649" errors="0">
  <testcase name="grab" time="7.649" classname="GrabResopnse2"/>
</testsuite> <!-- GrabResopnse2 -->
