<?xml version="1.0" encoding="UTF-8"?>
<!-- Generated by org.testng.reporters.JUnitReportReporter -->
<testsuite skipped="0" hostname="DESKTOP-SHS08M3" name="restwithXML" tests="1" failures="0" timestamp="21 Apr 2018 08:09:34 GMT" time="4.406" errors="0">
  <testcase name="satrt" time="4.406" classname="restwithXML"/>
</testsuite> <!-- restwithXML -->
