<?xml version="1.0" encoding="UTF-8"?>
<!-- Generated by org.testng.reporters.JUnitReportReporter -->
<testsuite skipped="0" hostname="DESKTOP-SHS08M3" name="AddandDeletePlace" tests="1" failures="0" timestamp="21 Apr 2018 04:51:09 GMT" time="7.288" errors="0">
  <testcase name="addanddelete" time="7.288" classname="AddandDeletePlace"/>
</testsuite> <!-- AddandDeletePlace -->
