<?xml version="1.0" encoding="UTF-8"?>
<!-- Generated by org.testng.reporters.JUnitReportReporter -->
<testsuite skipped="0" hostname="DESKTOP-SHS08M3" name="Postrest" tests="1" failures="0" timestamp="20 Apr 2018 17:43:36 GMT" time="6.159" errors="0">
  <testcase name="post" time="6.159" classname="Postrest"/>
</testsuite> <!-- Postrest -->
