<?xml version="1.0" encoding="UTF-8"?>
<!-- Generated by org.testng.reporters.JUnitReportReporter -->
<testsuite skipped="0" hostname="DESKTOP-SHS08M3" name="rest" tests="1" failures="0" timestamp="20 Apr 2018 17:40:13 GMT" time="13.941" errors="0">
  <testcase name="satrt" time="13.941" classname="rest"/>
</testsuite> <!-- rest -->
