<?xml version="1.0" encoding="UTF-8"?>
<!-- Generated by org.testng.reporters.JUnitReportReporter -->
<testsuite skipped="0" hostname="DESKTOP-SHS08M3" name="GrabResopnse" tests="1" failures="0" timestamp="20 Apr 2018 18:44:46 GMT" time="5.523" errors="0">
  <testcase name="grab" time="5.523" classname="GrabResopnse"/>
</testsuite> <!-- GrabResopnse -->
